2024-02-24 16:33:00,363 [INFO] Activator:176 - 


2024-02-24 16:33:00,367 [INFO] Activator:177 - !SESSION log4j initialized
2024-02-24 16:33:05,556 [INFO] LogOutputStream:77 - [STDOUT_REDIRECT] 
2024-02-24 16:33:07,765 [INFO] ApplicationProperties:184 - Using Application install path: C:\ST\STM32CubeIDE_1.14.0\STM32CubeIDE\plugins\com.st.stm32cube.common.mx_6.10.0.202311202037
2024-02-24 16:33:07,782 [INFO] DbMcusXml:78 - Set database path to: C:\ST\STM32CubeIDE_1.14.0\STM32CubeIDE\plugins\com.st.stm32cube.common.mx_6.10.0.202311202037\\db\/mcu/
2024-02-24 16:33:07,783 [INFO] ApiDb:274 - Set plugin database path to: C:\ST\STM32CubeIDE_1.14.0\STM32CubeIDE\plugins\com.st.stm32cube.common.mx_6.10.0.202311202037\\db\/plugins/boardmanager/
2024-02-24 16:33:07,783 [WARN] ApiDb:259 - Overriding images path with different value:  => C:\ST\STM32CubeIDE_1.14.0\STM32CubeIDE\plugins\com.st.stm32cube.common.mx_6.10.0.202311202037\\db\/plugins/mcufinder/images/
2024-02-24 16:33:07,791 [INFO] ApiDb:250 - Set database path to: C:\Users\Chris\.stmcufinder\plugins\mcufinder//mcu/
2024-02-24 16:33:07,791 [INFO] DbMcusAds:125 - Set database path to: C:\Users\Chris\.stmcufinder\plugins\mcufinder//mcu/
2024-02-24 16:33:07,793 [INFO] CrossReferenceDbSqlite:203 - Set database path to: C:\Users\Chris\.stmcufinder\plugins\mcufinder//mcu/cs/
2024-02-24 16:33:07,910 [INFO] RulesReader:64 - Compatibility file has been processed (297 Rules)
2024-02-24 16:33:08,023 [INFO] DbMcusXml:78 - Set database path to: C:\ST\STM32CubeIDE_1.14.0\STM32CubeIDE\plugins\com.st.stm32cube.common.mx_6.10.0.202311202037\\db\/mcu/
2024-02-24 16:33:08,023 [INFO] ApiDb:274 - Set plugin database path to: C:\ST\STM32CubeIDE_1.14.0\STM32CubeIDE\plugins\com.st.stm32cube.common.mx_6.10.0.202311202037\\db\/plugins/boardmanager/
2024-02-24 16:33:08,023 [INFO] ApiDb:261 - Set plugin images path to: C:\ST\STM32CubeIDE_1.14.0\STM32CubeIDE\plugins\com.st.stm32cube.common.mx_6.10.0.202311202037\\db\/plugins/mcufinder/images/
2024-02-24 16:33:08,023 [WARN] DbFile:41 - Overriding database path with different value: C:\Users\Chris\.stmcufinder\plugins\mcufinder/ => C:\Users\Chris\.stmcufinder\plugins\mcufinder
2024-02-24 16:33:08,024 [INFO] ApiDb:250 - Set database path to: C:\Users\Chris\.stmcufinder\plugins\mcufinder//mcu/
2024-02-24 16:33:08,024 [WARN] DbFile:41 - Overriding database path with different value: C:\Users\Chris\.stmcufinder\plugins\mcufinder/ => C:\Users\Chris\.stmcufinder\plugins\mcufinder
2024-02-24 16:33:08,024 [INFO] DbMcusAds:125 - Set database path to: C:\Users\Chris\.stmcufinder\plugins\mcufinder//mcu/
2024-02-24 16:33:08,024 [WARN] DbFile:41 - Overriding database path with different value: C:\Users\Chris\.stmcufinder\plugins\mcufinder/ => C:\Users\Chris\.stmcufinder\plugins\mcufinder
2024-02-24 16:33:08,024 [WARN] DbFile:41 - Overriding database path with different value: C:\Users\Chris\.stmcufinder\plugins\mcufinder/ => C:\Users\Chris\.stmcufinder\plugins\mcufinder
2024-02-24 16:33:08,024 [INFO] CrossReferenceDbSqlite:203 - Set database path to: C:\Users\Chris\.stmcufinder\plugins\mcufinder//mcu/cs/
2024-02-24 16:33:08,119 [INFO] MainPanel:264 - HeapMemory: 268435456
2024-02-24 16:33:08,225 [INFO] DbMcusXml:78 - Set database path to: C:\ST\STM32CubeIDE_1.14.0\STM32CubeIDE\plugins\com.st.stm32cube.common.mx_6.10.0.202311202037\\db\/mcu/
2024-02-24 16:33:08,225 [INFO] ApiDb:274 - Set plugin database path to: C:\ST\STM32CubeIDE_1.14.0\STM32CubeIDE\plugins\com.st.stm32cube.common.mx_6.10.0.202311202037\\db\/plugins/boardmanager/
2024-02-24 16:33:08,226 [INFO] ApiDb:261 - Set plugin images path to: C:\ST\STM32CubeIDE_1.14.0\STM32CubeIDE\plugins\com.st.stm32cube.common.mx_6.10.0.202311202037\\db\/plugins/mcufinder/images/
2024-02-24 16:33:08,226 [WARN] DbFile:41 - Overriding database path with different value: C:\Users\Chris\.stmcufinder\plugins\mcufinder/ => C:\Users\Chris\.stmcufinder\plugins\mcufinder
2024-02-24 16:33:08,226 [INFO] ApiDb:250 - Set database path to: C:\Users\Chris\.stmcufinder\plugins\mcufinder//mcu/
2024-02-24 16:33:08,226 [WARN] DbFile:41 - Overriding database path with different value: C:\Users\Chris\.stmcufinder\plugins\mcufinder/ => C:\Users\Chris\.stmcufinder\plugins\mcufinder
2024-02-24 16:33:08,226 [INFO] DbMcusAds:125 - Set database path to: C:\Users\Chris\.stmcufinder\plugins\mcufinder//mcu/
2024-02-24 16:33:08,226 [WARN] DbFile:41 - Overriding database path with different value: C:\Users\Chris\.stmcufinder\plugins\mcufinder/ => C:\Users\Chris\.stmcufinder\plugins\mcufinder
2024-02-24 16:33:08,226 [WARN] DbFile:41 - Overriding database path with different value: C:\Users\Chris\.stmcufinder\plugins\mcufinder/ => C:\Users\Chris\.stmcufinder\plugins\mcufinder
2024-02-24 16:33:08,226 [INFO] CrossReferenceDbSqlite:203 - Set database path to: C:\Users\Chris\.stmcufinder\plugins\mcufinder//mcu/cs/
2024-02-24 16:33:08,244 [INFO] ApplicationProperties:184 - Using Application install path: C:\ST\STM32CubeIDE_1.14.0\STM32CubeIDE\plugins\com.st.stm32cube.common.mx_6.10.0.202311202037
2024-02-24 16:33:08,246 [INFO] PluginManage:196 - Search for loadable plugins [exclusion list=, ]
2024-02-24 16:33:08,248 [INFO] PluginManage:310 - Check plugin analytics
2024-02-24 16:33:08,431 [INFO] AnalyticsPlugin:253 - Accepted Software Licenses: 
2024-02-24 16:33:08,431 [INFO] AnalyticsPlugin:255 - Accepted CMSIS Pack Licenses: 
2024-02-24 16:33:08,431 [INFO] AnalyticsPlugin:257 - Accepted Firmware Licenses: FW.F7.1.17.0,FW.F4.1.28.0,FW.H7.1.11.0,FW.G0.1.6.0
2024-02-24 16:33:08,435 [INFO] PluginManage:359 - Loaded plugin analytics (category:tool,tabindex:-1)
2024-02-24 16:33:08,436 [INFO] PluginManage:310 - Check plugin cadmodel
2024-02-24 16:33:08,451 [INFO] CADModel:105 - Init CAD model plugin
2024-02-24 16:33:08,452 [INFO] PluginManage:359 - Loaded plugin cadmodel (category:power,tabindex:5)
2024-02-24 16:33:08,452 [INFO] PluginManage:310 - Check plugin clock
2024-02-24 16:33:08,472 [INFO] PluginManage:359 - Loaded plugin clock (category:base,tabindex:2)
2024-02-24 16:33:08,472 [INFO] PluginManage:310 - Check plugin ddr
2024-02-24 16:33:08,474 [INFO] PluginManage:359 - Loaded plugin ddr (category:tool,tabindex:6)
2024-02-24 16:33:08,474 [INFO] PluginManage:310 - Check plugin filemanager
2024-02-24 16:33:08,645 [INFO] PluginManage:359 - Loaded plugin filemanager (category:base,tabindex:10)
2024-02-24 16:33:08,645 [INFO] PluginManage:310 - Check plugin ipmanager
2024-02-24 16:33:08,654 [INFO] PluginManage:359 - Loaded plugin ipmanager (category:base,tabindex:5)
2024-02-24 16:33:08,654 [INFO] PluginManage:310 - Check plugin lpbam
2024-02-24 16:33:08,673 [INFO] PluginManage:359 - Loaded plugin lpbam (category:base,tabindex:0)
2024-02-24 16:33:08,673 [INFO] PluginManage:310 - Check plugin memorymap
2024-02-24 16:33:08,696 [INFO] PluginManage:359 - Loaded plugin memorymap (category:base,tabindex:4)
2024-02-24 16:33:08,696 [INFO] PluginManage:310 - Check plugin pinoutandconfiguration
2024-02-24 16:33:08,712 [INFO] PluginManage:359 - Loaded plugin pinoutandconfiguration (category:base,tabindex:1)
2024-02-24 16:33:08,712 [INFO] PluginManage:310 - Check plugin pinoutconfig
2024-02-24 16:33:08,798 [WARN] SupportedApi:132 - Cannot load RTOS API schema: s4s-elt-must-match.1: The content of 'definitions' must match (annotation?, (simpleType | complexType)?, (unique | key | keyref)*)). A problem was found starting at: attribute.
2024-02-24 16:33:08,917 [INFO] PluginManage:359 - Loaded plugin pinoutconfig (category:base,tabindex:0)
2024-02-24 16:33:08,917 [INFO] PluginManage:310 - Check plugin power
2024-02-24 16:33:08,936 [INFO] PluginManage:359 - Loaded plugin power (category:power,tabindex:4)
2024-02-24 16:33:08,936 [INFO] PluginManage:310 - Check plugin projectmanager
2024-02-24 16:33:08,951 [INFO] PluginManage:359 - Loaded plugin projectmanager (category:projectmanager,tabindex:3)
2024-02-24 16:33:08,951 [INFO] PluginManage:310 - Check plugin thirdparty
2024-02-24 16:33:09,199 [INFO] PluginManage:359 - Loaded plugin thirdparty (category:base,tabindex:-1)
2024-02-24 16:33:09,199 [INFO] PluginManage:310 - Check plugin tools
2024-02-24 16:33:09,199 [WARN] IntegrityCheckThread:84 - waiting for thirdparty lock release [integrity check]
2024-02-24 16:33:09,200 [INFO] IntegrityCheckThread:86 - entering critical section [integrity check]
2024-02-24 16:33:09,200 [INFO] ThirdPartyUpdaterWithRetryManager:70 - Updater plugin not ready yet. [1/15]
2024-02-24 16:33:09,248 [INFO] PluginManage:359 - Loaded plugin tools (category:base,tabindex:7)
2024-02-24 16:33:09,248 [INFO] PluginManage:310 - Check plugin tutovideos
2024-02-24 16:33:09,442 [INFO] PluginManage:359 - Loaded plugin tutovideos (category:base,tabindex:-1)
2024-02-24 16:33:09,442 [INFO] PluginManage:310 - Check plugin updater
2024-02-24 16:33:09,454 [INFO] PluginManage:359 - Loaded plugin updater (category:base,tabindex:12)
2024-02-24 16:33:09,454 [INFO] PluginManage:310 - Check plugin userauth
2024-02-24 16:33:09,459 [INFO] UserAuth:114 - Init User Auth plugin
2024-02-24 16:33:09,459 [INFO] PluginManage:359 - Loaded plugin userauth (category:base,tabindex:14)
2024-02-24 16:33:09,460 [INFO] PluginManage:283 - PluginManage : Loaded plugins [17]
2024-02-24 16:33:09,730 [INFO] PinOutPanel:1499 - setPackage(No Configuration,No Configuration)
2024-02-24 16:33:09,813 [INFO] CADModel:165 - CPN selected for project level
2024-02-24 16:33:09,813 [INFO] CADModel:114 - Register for checkConnection events
2024-02-24 16:33:09,841 [INFO] IPUIPlugin:80 - create IPUIPlugin
2024-02-24 16:33:09,841 [INFO] PluginManager:220 - loadIPPluginJar : add adc
2024-02-24 16:33:09,881 [INFO] IPUIPlugin:80 - create IPUIPlugin
2024-02-24 16:33:09,881 [INFO] PluginManager:220 - loadIPPluginJar : add aes
2024-02-24 16:33:09,931 [INFO] IPUIPlugin:80 - create IPUIPlugin
2024-02-24 16:33:09,932 [INFO] PluginManager:220 - loadIPPluginJar : add can
2024-02-24 16:33:09,959 [INFO] IPUIPlugin:80 - create IPUIPlugin
2024-02-24 16:33:09,959 [INFO] PluginManager:220 - loadIPPluginJar : add comp
2024-02-24 16:33:09,991 [INFO] IPUIPlugin:80 - create IPUIPlugin
2024-02-24 16:33:09,991 [INFO] PluginManager:220 - loadIPPluginJar : add cryp
2024-02-24 16:33:10,026 [INFO] IPUIPlugin:80 - create IPUIPlugin
2024-02-24 16:33:10,026 [INFO] PluginManager:220 - loadIPPluginJar : add dfsdm
2024-02-24 16:33:10,043 [INFO] IPUIPlugin:80 - create IPUIPlugin
2024-02-24 16:33:10,044 [INFO] PluginManager:220 - loadIPPluginJar : add dma
2024-02-24 16:33:10,082 [INFO] IPUIPlugin:80 - create IPUIPlugin
2024-02-24 16:33:10,082 [INFO] PluginManager:220 - loadIPPluginJar : add dma3
2024-02-24 16:33:10,100 [INFO] IPUIPlugin:80 - create IPUIPlugin
2024-02-24 16:33:10,100 [INFO] PluginManager:220 - loadIPPluginJar : add fatfs
2024-02-24 16:33:10,146 [INFO] IPUIPlugin:80 - create IPUIPlugin
2024-02-24 16:33:10,146 [INFO] PluginManager:220 - loadIPPluginJar : add fmc
2024-02-24 16:33:10,162 [INFO] IPUIPlugin:80 - create IPUIPlugin
2024-02-24 16:33:10,162 [INFO] PluginManager:220 - loadIPPluginJar : add freertos
2024-02-24 16:33:10,182 [INFO] IPUIPlugin:80 - create IPUIPlugin
2024-02-24 16:33:10,182 [INFO] PluginManager:220 - loadIPPluginJar : add genericplugin
2024-02-24 16:33:10,270 [INFO] IPUIPlugin:80 - create IPUIPlugin
2024-02-24 16:33:10,271 [INFO] PluginManager:220 - loadIPPluginJar : add gfxmmu
2024-02-24 16:33:10,402 [INFO] IPUIPlugin:80 - create IPUIPlugin
2024-02-24 16:33:10,403 [INFO] PluginManager:220 - loadIPPluginJar : add gic
2024-02-24 16:33:10,419 [INFO] IPUIPlugin:80 - create IPUIPlugin
2024-02-24 16:33:10,419 [INFO] PluginManager:220 - loadIPPluginJar : add gpio
2024-02-24 16:33:10,506 [INFO] IPUIPlugin:80 - create IPUIPlugin
2024-02-24 16:33:10,506 [INFO] PluginManager:220 - loadIPPluginJar : add gtzc
2024-02-24 16:33:10,542 [INFO] IPUIPlugin:80 - create IPUIPlugin
2024-02-24 16:33:10,542 [INFO] PluginManager:220 - loadIPPluginJar : add hash
2024-02-24 16:33:10,600 [INFO] IPUIPlugin:80 - create IPUIPlugin
2024-02-24 16:33:10,600 [INFO] PluginManager:220 - loadIPPluginJar : add i2c
2024-02-24 16:33:10,643 [INFO] IPUIPlugin:80 - create IPUIPlugin
2024-02-24 16:33:10,644 [INFO] PluginManager:220 - loadIPPluginJar : add i2s
2024-02-24 16:33:10,692 [INFO] IPUIPlugin:80 - create IPUIPlugin
2024-02-24 16:33:10,692 [INFO] PluginManager:220 - loadIPPluginJar : add i3c
2024-02-24 16:33:10,801 [INFO] IPUIPlugin:80 - create IPUIPlugin
2024-02-24 16:33:10,801 [INFO] PluginManager:220 - loadIPPluginJar : add ipddr
2024-02-24 16:33:10,911 [INFO] IPUIPlugin:80 - create IPUIPlugin
2024-02-24 16:33:10,911 [INFO] PluginManager:220 - loadIPPluginJar : add linkedlist
2024-02-24 16:33:10,953 [INFO] IPUIPlugin:80 - create IPUIPlugin
2024-02-24 16:33:10,953 [INFO] PluginManager:220 - loadIPPluginJar : add lorawan
2024-02-24 16:33:11,005 [INFO] IPUIPlugin:80 - create IPUIPlugin
2024-02-24 16:33:11,005 [INFO] PluginManager:220 - loadIPPluginJar : add ltdc
2024-02-24 16:33:11,021 [INFO] IPUIPlugin:80 - create IPUIPlugin
2024-02-24 16:33:11,022 [INFO] PluginManager:220 - loadIPPluginJar : add mdma
2024-02-24 16:33:11,032 [INFO] IPUIPlugin:80 - create IPUIPlugin
2024-02-24 16:33:11,032 [INFO] PluginManager:220 - loadIPPluginJar : add nvic
2024-02-24 16:33:11,075 [INFO] IPUIPlugin:80 - create IPUIPlugin
2024-02-24 16:33:11,075 [INFO] PluginManager:220 - loadIPPluginJar : add opamp
2024-02-24 16:33:11,147 [INFO] IPUIPlugin:80 - create IPUIPlugin
2024-02-24 16:33:11,148 [INFO] PluginManager:220 - loadIPPluginJar : add openamp
2024-02-24 16:33:11,188 [INFO] IPUIPlugin:80 - create IPUIPlugin
2024-02-24 16:33:11,188 [INFO] PluginManager:220 - loadIPPluginJar : add pdm2pcm
2024-02-24 16:33:11,202 [INFO] IPUIPlugin:80 - create IPUIPlugin
2024-02-24 16:33:11,205 [INFO] PluginManager:220 - loadIPPluginJar : add plateformsettings
2024-02-24 16:33:11,226 [INFO] IPUIPlugin:80 - create IPUIPlugin
2024-02-24 16:33:11,226 [INFO] PluginManager:220 - loadIPPluginJar : add quadspi
2024-02-24 16:33:11,240 [INFO] IPUIPlugin:80 - create IPUIPlugin
2024-02-24 16:33:11,240 [INFO] PluginManager:220 - loadIPPluginJar : add resmgrutility
2024-02-24 16:33:11,293 [INFO] IPUIPlugin:80 - create IPUIPlugin
2024-02-24 16:33:11,293 [INFO] PluginManager:220 - loadIPPluginJar : add sai
2024-02-24 16:33:11,331 [INFO] IPUIPlugin:80 - create IPUIPlugin
2024-02-24 16:33:11,332 [INFO] PluginManager:220 - loadIPPluginJar : add spi
2024-02-24 16:33:11,410 [INFO] IPUIPlugin:80 - create IPUIPlugin
2024-02-24 16:33:11,410 [INFO] PluginManager:220 - loadIPPluginJar : add stm32_wpan
2024-02-24 16:33:11,440 [INFO] IPUIPlugin:80 - create IPUIPlugin
2024-02-24 16:33:11,441 [INFO] PluginManager:220 - loadIPPluginJar : add tim
2024-02-24 16:33:11,502 [INFO] IPUIPlugin:80 - create IPUIPlugin
2024-02-24 16:33:11,503 [INFO] PluginManager:220 - loadIPPluginJar : add touchsensing
2024-02-24 16:33:11,524 [INFO] IPUIPlugin:80 - create IPUIPlugin
2024-02-24 16:33:11,524 [INFO] PluginManager:220 - loadIPPluginJar : add tracer_emb
2024-02-24 16:33:11,547 [INFO] IPUIPlugin:80 - create IPUIPlugin
2024-02-24 16:33:11,547 [INFO] PluginManager:220 - loadIPPluginJar : add ts
2024-02-24 16:33:11,568 [INFO] IPUIPlugin:80 - create IPUIPlugin
2024-02-24 16:33:11,569 [INFO] PluginManager:220 - loadIPPluginJar : add tsc
2024-02-24 16:33:11,582 [INFO] IPUIPlugin:80 - create IPUIPlugin
2024-02-24 16:33:11,582 [INFO] PluginManager:220 - loadIPPluginJar : add ucpd
2024-02-24 16:33:11,624 [INFO] IPUIPlugin:80 - create IPUIPlugin
2024-02-24 16:33:11,624 [INFO] PluginManager:220 - loadIPPluginJar : add usart
2024-02-24 16:33:11,678 [INFO] IPUIPlugin:80 - create IPUIPlugin
2024-02-24 16:33:11,678 [INFO] PluginManager:220 - loadIPPluginJar : add usbx
2024-02-24 16:33:11,802 [INFO] CADModel:165 - CPN selected for project level
2024-02-24 16:33:11,802 [INFO] CADModel:114 - Register for checkConnection events
2024-02-24 16:33:11,803 [FATAL] Updater:308 - Updater called before beeing initialized
2024-02-24 16:33:11,803 [ERROR] CADModel:125 - Updater not yet initialized, retry later 
2024-02-24 16:33:11,921 [INFO] CADModel:165 - CPN selected for project level
2024-02-24 16:33:11,921 [INFO] CADModel:114 - Register for checkConnection events
2024-02-24 16:33:11,921 [FATAL] Updater:308 - Updater called before beeing initialized
2024-02-24 16:33:11,921 [ERROR] CADModel:125 - Updater not yet initialized, retry later 
2024-02-24 16:33:11,924 [FATAL] Updater:308 - Updater called before beeing initialized
2024-02-24 16:33:12,017 [FATAL] Updater:308 - Updater called before beeing initialized
2024-02-24 16:33:12,025 [INFO] DbMcusAds:53 - JSON generation date=Wed Nov 29 04:52:27 CST 2023 (1701255147200)
2024-02-24 16:33:12,025 [FATAL] Updater:308 - Updater called before beeing initialized
2024-02-24 16:33:12,094 [WARN] DetailPanel:346 - Failed to get advertising image, set to default
2024-02-24 16:33:12,184 [FATAL] Updater:308 - Updater called before beeing initialized
2024-02-24 16:33:12,187 [FATAL] Updater:308 - Updater called before beeing initialized
2024-02-24 16:33:12,187 [FATAL] Updater:308 - Updater called before beeing initialized
2024-02-24 16:33:12,187 [WARN] DetailPanel:346 - Failed to get advertising image, set to default
2024-02-24 16:33:12,188 [FATAL] Updater:308 - Updater called before beeing initialized
2024-02-24 16:33:12,204 [INFO] ThirdPartyUpdaterWithRetryManager:70 - Updater plugin not ready yet. [2/15]
2024-02-24 16:33:12,243 [ERROR] Updater:1120 - MainUpdater not yet initialized. External WinMGr cannot be set.
2024-02-24 16:33:12,252 [INFO] Updater:1056 - Updater Version found : 6.10.0
2024-02-24 16:33:12,275 [INFO] ApplicationProperties:184 - Using Application install path: C:\ST\STM32CubeIDE_1.14.0\STM32CubeIDE\plugins\com.st.stm32cube.common.mx_6.10.0.202311202037
2024-02-24 16:33:13,888 [ERROR] LogOutputStream:75 - [STDERR_REDIRECT] Feb 24, 2024 4:33:13 PM java.util.prefs.WindowsPreferences <init>
2024-02-24 16:33:13,891 [ERROR] LogOutputStream:75 - [STDERR_REDIRECT] WARNING: Could not open/create prefs root node Software\JavaSoft\Prefs at root 0xffffffff80000002. Windows RegCreateKeyEx(...) returned error code 5.
2024-02-24 16:33:13,892 [ERROR] LogOutputStream:75 - [STDERR_REDIRECT] 
2024-02-24 16:33:14,314 [INFO] MainUpdater:2873 - connection check result : 10
2024-02-24 16:33:14,315 [INFO] MainUpdater:3567 - Updater definition file requires update
2024-02-24 16:33:14,316 [INFO] MainUpdater:290 - Updater Check For Update Now.
2024-02-24 16:33:14,316 [INFO] MicroXplorer:498 - Change Database Version : DB.6.0.100
2024-02-24 16:33:14,331 [INFO] McuFinderGlobals:63 - Set McuFinder mode to 2 (CubeIDE integrated)
2024-02-24 16:33:14,713 [INFO] UserAuth:404 - Internet connection configuration mode: 1
2024-02-24 16:33:14,736 [INFO] JxBrowserEngine:152 - Initiate JxBrowser Engine with user profile folder
2024-02-24 16:33:15,217 [WARN] MainUpdater:1194 - Updater busy. Cannot search thirdparties
2024-02-24 16:33:15,217 [INFO] ThirdPartyUpdaterWithRetryManager:96 - Updater plugin is busy. [1/15]
2024-02-24 16:33:15,916 [INFO] ServerAccessManage:473 - Download File updaters.zip
2024-02-24 16:33:15,968 [INFO] FileExtend:240 - Unzip File : updaters.zip
2024-02-24 16:33:15,968 [INFO] FileExtend:255 - Standard Zip Deflate
2024-02-24 16:33:17,123 [INFO] ServerAccessManage:473 - Download File PacksControlFlags.xml
2024-02-24 16:33:17,793 [INFO] WebApp:161 - Instantiating new browser for Auth
2024-02-24 16:33:18,222 [WARN] MainUpdater:1194 - Updater busy. Cannot search thirdparties
2024-02-24 16:33:18,222 [INFO] ThirdPartyUpdaterWithRetryManager:96 - Updater plugin is busy. [2/15]
2024-02-24 16:33:18,321 [INFO] ServerAccessManage:473 - Download File cubemx.pidx
2024-02-24 16:33:18,387 [INFO] WebApp:780 - Register for checkConnection events
2024-02-24 16:33:18,388 [INFO] WebApp:414 - Apply proxy settings
2024-02-24 16:33:18,388 [INFO] WebApp:499 - Chromium requires no authentication
2024-02-24 16:33:18,398 [INFO] WebApp:442 - Direct internet connection detected
2024-02-24 16:33:18,428 [INFO] LoadServerUpdatesThread:375 - End of LoadServerUpdate Thread
2024-02-24 16:33:18,583 [INFO] CheckServerUpdateThread:120 - End of CheckServer Thread
2024-02-24 16:33:18,639 [INFO] WebApp:192 - Starting web application
2024-02-24 16:33:18,639 [INFO] WebApp:544 - Web application path used C:\ST\STM32CubeIDE_1.14.0\STM32CubeIDE\plugins\com.st.stm32cube.common.mx_6.10.0.202311202037\db\plugins\mcufinder\reactClient1\index.html
2024-02-24 16:33:21,416 [WARN] PackLoader:240 - Cannot read IP mode file for STMicroelectronics.X-CUBE-SMBUS.2.1.0
2024-02-24 16:33:21,428 [WARN] PackLoader:240 - Cannot read IP mode file for STMicroelectronics.X-CUBE-TOUCHGFX.4.23.0
2024-02-24 16:33:21,477 [WARN] PackLoader:240 - Cannot read IP mode file for STMicroelectronics.X-CUBE-AZRTOS-F7.1.1.0
2024-02-24 16:33:21,497 [WARN] PackLoader:240 - Cannot read IP mode file for STMicroelectronics.FP-SNS-MOTENV1.4.3.2
2024-02-24 16:33:21,514 [WARN] PackLoader:240 - Cannot read IP mode file for STMicroelectronics.FP-SNS-FLIGHT1.5.0.2
2024-02-24 16:33:21,529 [WARN] PackLoader:240 - Cannot read IP mode file for STMicroelectronics.X-CUBE-DISPLAY.3.0.0
2024-02-24 16:33:21,552 [WARN] PackLoader:240 - Cannot read IP mode file for STMicroelectronics.X-CUBE-BLE1.7.0.0
2024-02-24 16:33:21,568 [WARN] PackLoader:240 - Cannot read IP mode file for emotas.I-CUBE-CANOPEN.1.3.0
2024-02-24 16:33:21,579 [WARN] PackLoader:240 - Cannot read IP mode file for STMicroelectronics.FP-SNS-SMARTAG2.1.2.0
2024-02-24 16:33:21,598 [INFO] LogOutputStream:77 - [STDOUT_REDIRECT] 1 : Invalid condition id : UX_CORESTACK_Condition cause : null
2024-02-24 16:33:21,599 [INFO] LogOutputStream:77 - [STDOUT_REDIRECT] 1 : Invalid condition id : UX_CORESTACK_Condition cause : null
2024-02-24 16:33:21,599 [INFO] LogOutputStream:77 - [STDOUT_REDIRECT] 1 : Invalid condition id : UX_CORESTACK_Condition cause : null
2024-02-24 16:33:21,600 [INFO] LogOutputStream:77 - [STDOUT_REDIRECT] 1 : Invalid condition id : UX_CORESTACK_Condition cause : null
2024-02-24 16:33:21,600 [INFO] LogOutputStream:77 - [STDOUT_REDIRECT] 1 : Invalid condition id : UX_CORESTACK_Condition cause : null
2024-02-24 16:33:21,606 [WARN] PackLoader:240 - Cannot read IP mode file for STMicroelectronics.X-CUBE-AZRTOS-WL.2.0.0
2024-02-24 16:33:21,624 [WARN] PackLoader:240 - Cannot read IP mode file for WES.I-CUBE-Cesium.1.3.0
2024-02-24 16:33:21,638 [WARN] PackLoader:240 - Cannot read IP mode file for STMicroelectronics.X-CUBE-BLE2.3.3.0
2024-02-24 16:33:21,652 [WARN] PackLoader:240 - Cannot read IP mode file for STMicroelectronics.X-CUBE-ALGOBUILD.1.3.0
2024-02-24 16:33:21,678 [WARN] PackLoader:240 - Cannot read IP mode file for STMicroelectronics.X-CUBE-AZRTOS-G0.1.1.0
2024-02-24 16:33:21,690 [WARN] PackLoader:240 - Cannot read IP mode file for STMicroelectronics.X-CUBE-NFC4.3.0.0
2024-02-24 16:33:21,711 [WARN] PackLoader:240 - Cannot read IP mode file for STMicroelectronics.X-CUBE-BLEMGR.3.0.0
2024-02-24 16:33:21,723 [WARN] PackLoader:240 - Cannot read IP mode file for STMicroelectronics.FP-ATR-SIGFOX1.3.2.0
2024-02-24 16:33:21,735 [WARN] PackLoader:240 - Cannot read IP mode file for STMicroelectronics.X-CUBE-EEPRMA1.5.1.0
2024-02-24 16:33:21,787 [WARN] PackLoader:240 - Cannot read IP mode file for SEGGER.I-CUBE-embOS.1.3.1
2024-02-24 16:33:21,841 [WARN] PackLoader:240 - Cannot read IP mode file for STMicroelectronics.X-CUBE-GNSS1.6.0.0
2024-02-24 16:33:21,871 [WARN] PackLoader:240 - Cannot read IP mode file for STMicroelectronics.X-CUBE-AZRTOS-F4.1.1.0
2024-02-24 16:33:21,889 [WARN] PackLoader:240 - Cannot read IP mode file for wolfSSL.I-CUBE-wolfSSL.5.6.6
2024-02-24 16:33:21,916 [WARN] PackLoader:240 - Cannot read IP mode file for STMicroelectronics.X-CUBE-AZRTOS-L5.2.0.0
2024-02-24 16:33:21,931 [WARN] PackLoader:240 - Cannot read IP mode file for STMicroelectronics.X-CUBE-EEPRMA1.4.2.0
2024-02-24 16:33:21,946 [WARN] PackLoader:240 - Cannot read IP mode file for ITTIA_DB.I-CUBE-ITTIADB.8.8.0
2024-02-24 16:33:21,957 [WARN] PackLoader:240 - Cannot read IP mode file for STMicroelectronics.X-CUBE-NFC7.1.0.1
2024-02-24 16:33:21,970 [WARN] PackLoader:240 - Cannot read IP mode file for STMicroelectronics.X-CUBE-NFC6.3.0.0
2024-02-24 16:33:21,983 [WARN] PackLoader:240 - Cannot read IP mode file for STMicroelectronics.X-CUBE-AI.8.1.0
2024-02-24 16:33:22,010 [WARN] ConditionMgr:438 - getConditionDescription Invalid condition id : LAN8742 Phy interface Condition cause : null
2024-02-24 16:33:22,011 [WARN] PackLoader:240 - Cannot read IP mode file for STMicroelectronics.X-CUBE-AZRTOS-L4.2.0.0
2024-02-24 16:33:22,012 [WARN] ConditionMgr:1039 - genDependencies : Invalid condition id : LAN8742 Phy interface Condition cause : null
2024-02-24 16:33:22,013 [WARN] ConditionMgr:1039 - genDependencies : Invalid condition id : LAN8742 Phy interface Condition cause : null
2024-02-24 16:33:22,013 [WARN] ConditionMgr:1039 - genDependencies : Invalid condition id : LAN8742 Phy interface Condition cause : null
2024-02-24 16:33:22,029 [WARN] PackLoader:240 - Cannot read IP mode file for STMicroelectronics.X-CUBE-SFXS2LP1.4.0.0
2024-02-24 16:33:22,055 [WARN] ConditionMgr:438 - getConditionDescription Invalid condition id : UX DEVICE CLASS RTOS Condition cause : null
2024-02-24 16:33:22,055 [WARN] ConditionMgr:438 - getConditionDescription Invalid condition id : UX DEVICE CLASS RTOS Condition cause : null
2024-02-24 16:33:22,056 [WARN] PackLoader:240 - Cannot read IP mode file for STMicroelectronics.X-CUBE-AZRTOS-WB.2.0.0
2024-02-24 16:33:22,057 [WARN] ConditionMgr:1039 - genDependencies : Invalid condition id : UX DEVICE CLASS RTOS Condition cause : null
2024-02-24 16:33:22,057 [WARN] ConditionMgr:1039 - genDependencies : Invalid condition id : UX DEVICE CLASS RTOS Condition cause : null
2024-02-24 16:33:22,057 [WARN] ConditionMgr:1039 - genDependencies : Invalid condition id : UX DEVICE CLASS RTOS Condition cause : null
2024-02-24 16:33:22,057 [WARN] ConditionMgr:1039 - genDependencies : Invalid condition id : UX DEVICE CLASS RTOS Condition cause : null
2024-02-24 16:33:22,057 [WARN] ConditionMgr:1039 - genDependencies : Invalid condition id : UX DEVICE CLASS RTOS Condition cause : null
2024-02-24 16:33:22,078 [WARN] PackLoader:240 - Cannot read IP mode file for STMicroelectronics.X-CUBE-SUBG2.5.0.0
2024-02-24 16:33:22,112 [WARN] PackLoader:240 - Cannot read IP mode file for STMicroelectronics.X-CUBE-AZRTOS-G4.2.0.0
2024-02-24 16:33:22,137 [WARN] PackLoader:240 - Cannot read IP mode file for Infineon.AIROC-Wi-Fi-Bluetooth-STM32.1.5.1
2024-02-24 16:33:22,156 [WARN] PackLoader:240 - Cannot read IP mode file for STMicroelectronics.FP-SNS-MOTENVWB1.1.3.1
2024-02-24 16:33:22,168 [WARN] PackLoader:240 - Cannot read IP mode file for STMicroelectronics.X-CUBE-ISPU.2.0.0
2024-02-24 16:33:22,231 [WARN] PackLoader:240 - Cannot read IP mode file for STMicroelectronics.X-CUBE-MEMS1.10.0.0
2024-02-24 16:33:22,356 [WARN] PackLoader:240 - Cannot read IP mode file for STMicroelectronics.X-CUBE-FREERTOS.1.1.0
2024-02-24 16:33:22,372 [WARN] PackLoader:240 - Cannot read IP mode file for portGmbH.I-Cube-SoM-uGOAL.1.1.0
2024-02-24 16:33:22,384 [WARN] PackLoader:240 - Cannot read IP mode file for STMicroelectronics.X-CUBE-ALS.1.0.1
2024-02-24 16:33:22,397 [WARN] PackLoader:240 - Cannot read IP mode file for STMicroelectronics.FP-ATR-ASTRA1.2.0.0
2024-02-24 16:33:22,415 [WARN] PackLoader:240 - Cannot read IP mode file for STMicroelectronics.X-CUBE-TOF1.3.4.0
2024-02-24 16:33:22,457 [WARN] PackLoader:240 - Cannot read IP mode file for STMicroelectronics.X-CUBE-AZRTOS-H7.3.2.0
2024-02-24 16:33:22,461 [INFO] ThirdParty:978 - Integrity check success = true
2024-02-24 16:33:22,461 [INFO] IntegrityCheckThread:100 - exiting critical section [integrity check]
2024-02-24 16:33:22,461 [INFO] IntegrityCheckThread:103 - End integrity checks thread
2024-02-24 16:33:39,567 [ERROR] LogOutputStream:75 - [STDERR_REDIRECT] SLF4J: Failed to load class "org.slf4j.impl.StaticLoggerBinder".
2024-02-24 16:33:39,568 [ERROR] LogOutputStream:75 - [STDERR_REDIRECT] SLF4J: Defaulting to no-operation (NOP) logger implementation
2024-02-24 16:33:39,568 [ERROR] LogOutputStream:75 - [STDERR_REDIRECT] SLF4J: See http://www.slf4j.org/codes.html#StaticLoggerBinder for further details.
2024-02-24 17:09:16,266 [ERROR] LogOutputStream:75 - [STDERR_REDIRECT] 
2024-02-24 17:09:23,192 [INFO] Activator:176 - 


2024-02-24 17:09:23,194 [INFO] Activator:177 - !SESSION log4j initialized
2024-02-24 17:09:26,971 [INFO] LogOutputStream:77 - [STDOUT_REDIRECT] 
2024-02-24 17:09:27,678 [INFO] ApplicationProperties:184 - Using Application install path: C:\ST\STM32CubeIDE_1.14.0\STM32CubeIDE\plugins\com.st.stm32cube.common.mx_6.10.0.202311202037
2024-02-24 17:09:27,690 [INFO] DbMcusXml:78 - Set database path to: C:\ST\STM32CubeIDE_1.14.0\STM32CubeIDE\plugins\com.st.stm32cube.common.mx_6.10.0.202311202037\\db\/mcu/
2024-02-24 17:09:27,691 [INFO] ApiDb:274 - Set plugin database path to: C:\ST\STM32CubeIDE_1.14.0\STM32CubeIDE\plugins\com.st.stm32cube.common.mx_6.10.0.202311202037\\db\/plugins/boardmanager/
2024-02-24 17:09:27,691 [WARN] ApiDb:259 - Overriding images path with different value:  => C:\ST\STM32CubeIDE_1.14.0\STM32CubeIDE\plugins\com.st.stm32cube.common.mx_6.10.0.202311202037\\db\/plugins/mcufinder/images/
2024-02-24 17:09:27,696 [INFO] ApiDb:250 - Set database path to: C:\Users\Chris\.stmcufinder\plugins\mcufinder//mcu/
2024-02-24 17:09:27,699 [INFO] DbMcusAds:125 - Set database path to: C:\Users\Chris\.stmcufinder\plugins\mcufinder//mcu/
2024-02-24 17:09:27,700 [INFO] CrossReferenceDbSqlite:203 - Set database path to: C:\Users\Chris\.stmcufinder\plugins\mcufinder//mcu/cs/
2024-02-24 17:09:27,772 [INFO] RulesReader:64 - Compatibility file has been processed (297 Rules)
2024-02-24 17:09:27,830 [INFO] DbMcusXml:78 - Set database path to: C:\ST\STM32CubeIDE_1.14.0\STM32CubeIDE\plugins\com.st.stm32cube.common.mx_6.10.0.202311202037\\db\/mcu/
2024-02-24 17:09:27,830 [INFO] ApiDb:274 - Set plugin database path to: C:\ST\STM32CubeIDE_1.14.0\STM32CubeIDE\plugins\com.st.stm32cube.common.mx_6.10.0.202311202037\\db\/plugins/boardmanager/
2024-02-24 17:09:27,831 [INFO] ApiDb:261 - Set plugin images path to: C:\ST\STM32CubeIDE_1.14.0\STM32CubeIDE\plugins\com.st.stm32cube.common.mx_6.10.0.202311202037\\db\/plugins/mcufinder/images/
2024-02-24 17:09:27,831 [WARN] DbFile:41 - Overriding database path with different value: C:\Users\Chris\.stmcufinder\plugins\mcufinder/ => C:\Users\Chris\.stmcufinder\plugins\mcufinder
2024-02-24 17:09:27,831 [INFO] ApiDb:250 - Set database path to: C:\Users\Chris\.stmcufinder\plugins\mcufinder//mcu/
2024-02-24 17:09:27,831 [WARN] DbFile:41 - Overriding database path with different value: C:\Users\Chris\.stmcufinder\plugins\mcufinder/ => C:\Users\Chris\.stmcufinder\plugins\mcufinder
2024-02-24 17:09:27,831 [INFO] DbMcusAds:125 - Set database path to: C:\Users\Chris\.stmcufinder\plugins\mcufinder//mcu/
2024-02-24 17:09:27,831 [WARN] DbFile:41 - Overriding database path with different value: C:\Users\Chris\.stmcufinder\plugins\mcufinder/ => C:\Users\Chris\.stmcufinder\plugins\mcufinder
2024-02-24 17:09:27,831 [WARN] DbFile:41 - Overriding database path with different value: C:\Users\Chris\.stmcufinder\plugins\mcufinder/ => C:\Users\Chris\.stmcufinder\plugins\mcufinder
2024-02-24 17:09:27,831 [INFO] CrossReferenceDbSqlite:203 - Set database path to: C:\Users\Chris\.stmcufinder\plugins\mcufinder//mcu/cs/
2024-02-24 17:09:27,880 [INFO] MainPanel:264 - HeapMemory: 268435456
2024-02-24 17:09:27,930 [INFO] DbMcusXml:78 - Set database path to: C:\ST\STM32CubeIDE_1.14.0\STM32CubeIDE\plugins\com.st.stm32cube.common.mx_6.10.0.202311202037\\db\/mcu/
2024-02-24 17:09:27,930 [INFO] ApiDb:274 - Set plugin database path to: C:\ST\STM32CubeIDE_1.14.0\STM32CubeIDE\plugins\com.st.stm32cube.common.mx_6.10.0.202311202037\\db\/plugins/boardmanager/
2024-02-24 17:09:27,931 [INFO] ApiDb:261 - Set plugin images path to: C:\ST\STM32CubeIDE_1.14.0\STM32CubeIDE\plugins\com.st.stm32cube.common.mx_6.10.0.202311202037\\db\/plugins/mcufinder/images/
2024-02-24 17:09:27,931 [WARN] DbFile:41 - Overriding database path with different value: C:\Users\Chris\.stmcufinder\plugins\mcufinder/ => C:\Users\Chris\.stmcufinder\plugins\mcufinder
2024-02-24 17:09:27,931 [INFO] ApiDb:250 - Set database path to: C:\Users\Chris\.stmcufinder\plugins\mcufinder//mcu/
2024-02-24 17:09:27,931 [WARN] DbFile:41 - Overriding database path with different value: C:\Users\Chris\.stmcufinder\plugins\mcufinder/ => C:\Users\Chris\.stmcufinder\plugins\mcufinder
2024-02-24 17:09:27,931 [INFO] DbMcusAds:125 - Set database path to: C:\Users\Chris\.stmcufinder\plugins\mcufinder//mcu/
2024-02-24 17:09:27,931 [WARN] DbFile:41 - Overriding database path with different value: C:\Users\Chris\.stmcufinder\plugins\mcufinder/ => C:\Users\Chris\.stmcufinder\plugins\mcufinder
2024-02-24 17:09:27,931 [WARN] DbFile:41 - Overriding database path with different value: C:\Users\Chris\.stmcufinder\plugins\mcufinder/ => C:\Users\Chris\.stmcufinder\plugins\mcufinder
2024-02-24 17:09:27,931 [INFO] CrossReferenceDbSqlite:203 - Set database path to: C:\Users\Chris\.stmcufinder\plugins\mcufinder//mcu/cs/
2024-02-24 17:09:27,944 [INFO] ApplicationProperties:184 - Using Application install path: C:\ST\STM32CubeIDE_1.14.0\STM32CubeIDE\plugins\com.st.stm32cube.common.mx_6.10.0.202311202037
2024-02-24 17:09:27,945 [INFO] PluginManage:196 - Search for loadable plugins [exclusion list=, ]
2024-02-24 17:09:27,946 [INFO] PluginManage:310 - Check plugin analytics
2024-02-24 17:09:28,078 [INFO] AnalyticsPlugin:253 - Accepted Software Licenses: 
2024-02-24 17:09:28,078 [INFO] AnalyticsPlugin:255 - Accepted CMSIS Pack Licenses: 
2024-02-24 17:09:28,078 [INFO] AnalyticsPlugin:257 - Accepted Firmware Licenses: FW.F7.1.17.0,FW.F4.1.28.0,FW.H7.1.11.0,FW.G0.1.6.0
2024-02-24 17:09:28,084 [INFO] PluginManage:359 - Loaded plugin analytics (category:tool,tabindex:-1)
2024-02-24 17:09:28,084 [INFO] PluginManage:310 - Check plugin cadmodel
2024-02-24 17:09:28,087 [INFO] CADModel:105 - Init CAD model plugin
2024-02-24 17:09:28,087 [INFO] PluginManage:359 - Loaded plugin cadmodel (category:power,tabindex:5)
2024-02-24 17:09:28,087 [INFO] PluginManage:310 - Check plugin clock
2024-02-24 17:09:28,098 [INFO] PluginManage:359 - Loaded plugin clock (category:base,tabindex:2)
2024-02-24 17:09:28,098 [INFO] PluginManage:310 - Check plugin ddr
2024-02-24 17:09:28,100 [INFO] PluginManage:359 - Loaded plugin ddr (category:tool,tabindex:6)
2024-02-24 17:09:28,100 [INFO] PluginManage:310 - Check plugin filemanager
2024-02-24 17:09:28,214 [INFO] PluginManage:359 - Loaded plugin filemanager (category:base,tabindex:10)
2024-02-24 17:09:28,215 [INFO] PluginManage:310 - Check plugin ipmanager
2024-02-24 17:09:28,219 [INFO] PluginManage:359 - Loaded plugin ipmanager (category:base,tabindex:5)
2024-02-24 17:09:28,219 [INFO] PluginManage:310 - Check plugin lpbam
2024-02-24 17:09:28,225 [INFO] PluginManage:359 - Loaded plugin lpbam (category:base,tabindex:0)
2024-02-24 17:09:28,225 [INFO] PluginManage:310 - Check plugin memorymap
2024-02-24 17:09:28,233 [INFO] PluginManage:359 - Loaded plugin memorymap (category:base,tabindex:4)
2024-02-24 17:09:28,233 [INFO] PluginManage:310 - Check plugin pinoutandconfiguration
2024-02-24 17:09:28,237 [INFO] PluginManage:359 - Loaded plugin pinoutandconfiguration (category:base,tabindex:1)
2024-02-24 17:09:28,237 [INFO] PluginManage:310 - Check plugin pinoutconfig
2024-02-24 17:09:28,299 [WARN] SupportedApi:132 - Cannot load RTOS API schema: s4s-elt-must-match.1: The content of 'definitions' must match (annotation?, (simpleType | complexType)?, (unique | key | keyref)*)). A problem was found starting at: attribute.
2024-02-24 17:09:28,402 [INFO] PluginManage:359 - Loaded plugin pinoutconfig (category:base,tabindex:0)
2024-02-24 17:09:28,402 [INFO] PluginManage:310 - Check plugin power
2024-02-24 17:09:28,407 [INFO] PluginManage:359 - Loaded plugin power (category:power,tabindex:4)
2024-02-24 17:09:28,407 [INFO] PluginManage:310 - Check plugin projectmanager
2024-02-24 17:09:28,420 [INFO] PluginManage:359 - Loaded plugin projectmanager (category:projectmanager,tabindex:3)
2024-02-24 17:09:28,420 [INFO] PluginManage:310 - Check plugin thirdparty
2024-02-24 17:09:28,512 [INFO] PluginManage:359 - Loaded plugin thirdparty (category:base,tabindex:-1)
2024-02-24 17:09:28,512 [INFO] PluginManage:310 - Check plugin tools
2024-02-24 17:09:28,512 [WARN] IntegrityCheckThread:84 - waiting for thirdparty lock release [integrity check]
2024-02-24 17:09:28,512 [INFO] IntegrityCheckThread:86 - entering critical section [integrity check]
2024-02-24 17:09:28,513 [INFO] ThirdPartyUpdaterWithRetryManager:70 - Updater plugin not ready yet. [1/15]
2024-02-24 17:09:28,516 [INFO] PluginManage:359 - Loaded plugin tools (category:base,tabindex:7)
2024-02-24 17:09:28,516 [INFO] PluginManage:310 - Check plugin tutovideos
2024-02-24 17:09:28,658 [INFO] PluginManage:359 - Loaded plugin tutovideos (category:base,tabindex:-1)
2024-02-24 17:09:28,659 [INFO] PluginManage:310 - Check plugin updater
2024-02-24 17:09:28,669 [INFO] PluginManage:359 - Loaded plugin updater (category:base,tabindex:12)
2024-02-24 17:09:28,669 [INFO] PluginManage:310 - Check plugin userauth
2024-02-24 17:09:28,673 [INFO] UserAuth:114 - Init User Auth plugin
2024-02-24 17:09:28,673 [INFO] PluginManage:359 - Loaded plugin userauth (category:base,tabindex:14)
2024-02-24 17:09:28,674 [INFO] PluginManage:283 - PluginManage : Loaded plugins [17]
2024-02-24 17:09:28,820 [INFO] PinOutPanel:1499 - setPackage(No Configuration,No Configuration)
2024-02-24 17:09:28,871 [INFO] CADModel:165 - CPN selected for project level
2024-02-24 17:09:28,871 [INFO] CADModel:114 - Register for checkConnection events
2024-02-24 17:09:28,888 [INFO] IPUIPlugin:80 - create IPUIPlugin
2024-02-24 17:09:28,888 [INFO] PluginManager:220 - loadIPPluginJar : add adc
2024-02-24 17:09:28,889 [INFO] IPUIPlugin:80 - create IPUIPlugin
2024-02-24 17:09:28,890 [INFO] PluginManager:220 - loadIPPluginJar : add aes
2024-02-24 17:09:28,891 [INFO] IPUIPlugin:80 - create IPUIPlugin
2024-02-24 17:09:28,891 [INFO] PluginManager:220 - loadIPPluginJar : add can
2024-02-24 17:09:28,892 [INFO] IPUIPlugin:80 - create IPUIPlugin
2024-02-24 17:09:28,892 [INFO] PluginManager:220 - loadIPPluginJar : add comp
2024-02-24 17:09:28,894 [INFO] IPUIPlugin:80 - create IPUIPlugin
2024-02-24 17:09:28,894 [INFO] PluginManager:220 - loadIPPluginJar : add cryp
2024-02-24 17:09:28,895 [INFO] IPUIPlugin:80 - create IPUIPlugin
2024-02-24 17:09:28,895 [INFO] PluginManager:220 - loadIPPluginJar : add dfsdm
2024-02-24 17:09:28,899 [INFO] IPUIPlugin:80 - create IPUIPlugin
2024-02-24 17:09:28,899 [INFO] PluginManager:220 - loadIPPluginJar : add dma
2024-02-24 17:09:28,900 [INFO] IPUIPlugin:80 - create IPUIPlugin
2024-02-24 17:09:28,900 [INFO] PluginManager:220 - loadIPPluginJar : add dma3
2024-02-24 17:09:28,901 [INFO] IPUIPlugin:80 - create IPUIPlugin
2024-02-24 17:09:28,901 [INFO] PluginManager:220 - loadIPPluginJar : add fatfs
2024-02-24 17:09:28,903 [INFO] IPUIPlugin:80 - create IPUIPlugin
2024-02-24 17:09:28,903 [INFO] PluginManager:220 - loadIPPluginJar : add fmc
2024-02-24 17:09:28,907 [INFO] IPUIPlugin:80 - create IPUIPlugin
2024-02-24 17:09:28,907 [INFO] PluginManager:220 - loadIPPluginJar : add freertos
2024-02-24 17:09:28,908 [INFO] IPUIPlugin:80 - create IPUIPlugin
2024-02-24 17:09:28,908 [INFO] PluginManager:220 - loadIPPluginJar : add genericplugin
2024-02-24 17:09:28,909 [INFO] IPUIPlugin:80 - create IPUIPlugin
2024-02-24 17:09:28,910 [INFO] PluginManager:220 - loadIPPluginJar : add gfxmmu
2024-02-24 17:09:28,913 [INFO] IPUIPlugin:80 - create IPUIPlugin
2024-02-24 17:09:28,913 [INFO] PluginManager:220 - loadIPPluginJar : add gic
2024-02-24 17:09:28,915 [INFO] IPUIPlugin:80 - create IPUIPlugin
2024-02-24 17:09:28,915 [INFO] PluginManager:220 - loadIPPluginJar : add gpio
2024-02-24 17:09:28,917 [INFO] IPUIPlugin:80 - create IPUIPlugin
2024-02-24 17:09:28,917 [INFO] PluginManager:220 - loadIPPluginJar : add gtzc
2024-02-24 17:09:28,918 [INFO] IPUIPlugin:80 - create IPUIPlugin
2024-02-24 17:09:28,918 [INFO] PluginManager:220 - loadIPPluginJar : add hash
2024-02-24 17:09:28,920 [INFO] IPUIPlugin:80 - create IPUIPlugin
2024-02-24 17:09:28,920 [INFO] PluginManager:220 - loadIPPluginJar : add i2c
2024-02-24 17:09:28,921 [INFO] IPUIPlugin:80 - create IPUIPlugin
2024-02-24 17:09:28,921 [INFO] PluginManager:220 - loadIPPluginJar : add i2s
2024-02-24 17:09:28,923 [INFO] IPUIPlugin:80 - create IPUIPlugin
2024-02-24 17:09:28,923 [INFO] PluginManager:220 - loadIPPluginJar : add i3c
2024-02-24 17:09:28,925 [INFO] IPUIPlugin:80 - create IPUIPlugin
2024-02-24 17:09:28,925 [INFO] PluginManager:220 - loadIPPluginJar : add ipddr
2024-02-24 17:09:28,930 [INFO] IPUIPlugin:80 - create IPUIPlugin
2024-02-24 17:09:28,931 [INFO] PluginManager:220 - loadIPPluginJar : add linkedlist
2024-02-24 17:09:28,932 [INFO] IPUIPlugin:80 - create IPUIPlugin
2024-02-24 17:09:28,932 [INFO] PluginManager:220 - loadIPPluginJar : add lorawan
2024-02-24 17:09:28,934 [INFO] IPUIPlugin:80 - create IPUIPlugin
2024-02-24 17:09:28,934 [INFO] PluginManager:220 - loadIPPluginJar : add ltdc
2024-02-24 17:09:28,937 [INFO] IPUIPlugin:80 - create IPUIPlugin
2024-02-24 17:09:28,938 [INFO] PluginManager:220 - loadIPPluginJar : add mdma
2024-02-24 17:09:28,943 [INFO] IPUIPlugin:80 - create IPUIPlugin
2024-02-24 17:09:28,943 [INFO] PluginManager:220 - loadIPPluginJar : add nvic
2024-02-24 17:09:28,946 [INFO] IPUIPlugin:80 - create IPUIPlugin
2024-02-24 17:09:28,946 [INFO] PluginManager:220 - loadIPPluginJar : add opamp
2024-02-24 17:09:28,949 [INFO] IPUIPlugin:80 - create IPUIPlugin
2024-02-24 17:09:28,949 [INFO] PluginManager:220 - loadIPPluginJar : add openamp
2024-02-24 17:09:28,951 [INFO] IPUIPlugin:80 - create IPUIPlugin
2024-02-24 17:09:28,952 [INFO] PluginManager:220 - loadIPPluginJar : add pdm2pcm
2024-02-24 17:09:28,956 [INFO] IPUIPlugin:80 - create IPUIPlugin
2024-02-24 17:09:28,958 [INFO] PluginManager:220 - loadIPPluginJar : add plateformsettings
2024-02-24 17:09:28,959 [INFO] IPUIPlugin:80 - create IPUIPlugin
2024-02-24 17:09:28,959 [INFO] PluginManager:220 - loadIPPluginJar : add quadspi
2024-02-24 17:09:28,961 [INFO] IPUIPlugin:80 - create IPUIPlugin
2024-02-24 17:09:28,961 [INFO] PluginManager:220 - loadIPPluginJar : add resmgrutility
2024-02-24 17:09:28,963 [INFO] IPUIPlugin:80 - create IPUIPlugin
2024-02-24 17:09:28,963 [INFO] PluginManager:220 - loadIPPluginJar : add sai
2024-02-24 17:09:28,964 [INFO] IPUIPlugin:80 - create IPUIPlugin
2024-02-24 17:09:28,965 [INFO] PluginManager:220 - loadIPPluginJar : add spi
2024-02-24 17:09:28,968 [INFO] IPUIPlugin:80 - create IPUIPlugin
2024-02-24 17:09:28,968 [INFO] PluginManager:220 - loadIPPluginJar : add stm32_wpan
2024-02-24 17:09:28,969 [INFO] IPUIPlugin:80 - create IPUIPlugin
2024-02-24 17:09:28,969 [INFO] PluginManager:220 - loadIPPluginJar : add tim
2024-02-24 17:09:28,971 [INFO] IPUIPlugin:80 - create IPUIPlugin
2024-02-24 17:09:28,971 [INFO] PluginManager:220 - loadIPPluginJar : add touchsensing
2024-02-24 17:09:28,973 [INFO] IPUIPlugin:80 - create IPUIPlugin
2024-02-24 17:09:28,973 [INFO] PluginManager:220 - loadIPPluginJar : add tracer_emb
2024-02-24 17:09:28,974 [INFO] IPUIPlugin:80 - create IPUIPlugin
2024-02-24 17:09:28,974 [INFO] PluginManager:220 - loadIPPluginJar : add ts
2024-02-24 17:09:28,976 [INFO] IPUIPlugin:80 - create IPUIPlugin
2024-02-24 17:09:28,976 [INFO] PluginManager:220 - loadIPPluginJar : add tsc
2024-02-24 17:09:28,977 [INFO] IPUIPlugin:80 - create IPUIPlugin
2024-02-24 17:09:28,977 [INFO] PluginManager:220 - loadIPPluginJar : add ucpd
2024-02-24 17:09:28,978 [INFO] IPUIPlugin:80 - create IPUIPlugin
2024-02-24 17:09:28,978 [INFO] PluginManager:220 - loadIPPluginJar : add usart
2024-02-24 17:09:28,981 [INFO] IPUIPlugin:80 - create IPUIPlugin
2024-02-24 17:09:28,981 [INFO] PluginManager:220 - loadIPPluginJar : add usbx
2024-02-24 17:09:29,095 [INFO] CADModel:165 - CPN selected for project level
2024-02-24 17:09:29,095 [INFO] CADModel:114 - Register for checkConnection events
2024-02-24 17:09:29,095 [FATAL] Updater:308 - Updater called before beeing initialized
2024-02-24 17:09:29,095 [ERROR] CADModel:125 - Updater not yet initialized, retry later 
2024-02-24 17:09:29,201 [INFO] CADModel:165 - CPN selected for project level
2024-02-24 17:09:29,202 [INFO] CADModel:114 - Register for checkConnection events
2024-02-24 17:09:29,202 [FATAL] Updater:308 - Updater called before beeing initialized
2024-02-24 17:09:29,202 [ERROR] CADModel:125 - Updater not yet initialized, retry later 
2024-02-24 17:09:29,205 [FATAL] Updater:308 - Updater called before beeing initialized
2024-02-24 17:09:29,285 [FATAL] Updater:308 - Updater called before beeing initialized
2024-02-24 17:09:29,288 [INFO] DbMcusAds:53 - JSON generation date=Wed Nov 29 04:52:27 CST 2023 (1701255147200)
2024-02-24 17:09:29,288 [FATAL] Updater:308 - Updater called before beeing initialized
2024-02-24 17:09:29,312 [WARN] DetailPanel:346 - Failed to get advertising image, set to default
2024-02-24 17:09:29,370 [FATAL] Updater:308 - Updater called before beeing initialized
2024-02-24 17:09:29,372 [FATAL] Updater:308 - Updater called before beeing initialized
2024-02-24 17:09:29,372 [FATAL] Updater:308 - Updater called before beeing initialized
2024-02-24 17:09:29,372 [WARN] DetailPanel:346 - Failed to get advertising image, set to default
2024-02-24 17:09:29,372 [FATAL] Updater:308 - Updater called before beeing initialized
2024-02-24 17:09:29,408 [ERROR] Updater:1120 - MainUpdater not yet initialized. External WinMGr cannot be set.
2024-02-24 17:09:29,410 [INFO] Updater:1056 - Updater Version found : 6.10.0
2024-02-24 17:09:29,425 [INFO] ApplicationProperties:184 - Using Application install path: C:\ST\STM32CubeIDE_1.14.0\STM32CubeIDE\plugins\com.st.stm32cube.common.mx_6.10.0.202311202037
2024-02-24 17:09:30,994 [ERROR] LogOutputStream:75 - [STDERR_REDIRECT] Feb 24, 2024 5:09:30 PM java.util.prefs.WindowsPreferences <init>
2024-02-24 17:09:30,995 [ERROR] LogOutputStream:75 - [STDERR_REDIRECT] WARNING: Could not open/create prefs root node Software\JavaSoft\Prefs at root 0xffffffff80000002. Windows RegCreateKeyEx(...) returned error code 5.
2024-02-24 17:09:30,996 [ERROR] LogOutputStream:75 - [STDERR_REDIRECT] 
2024-02-24 17:09:31,514 [INFO] ThirdPartyUpdaterWithRetryManager:70 - Updater plugin not ready yet. [2/15]
2024-02-24 17:09:32,365 [INFO] MainUpdater:2873 - connection check result : 10
2024-02-24 17:09:32,365 [INFO] MainUpdater:290 - Updater Check For Update Now.
2024-02-24 17:09:32,365 [INFO] MicroXplorer:498 - Change Database Version : DB.6.0.100
2024-02-24 17:09:32,371 [INFO] McuFinderGlobals:63 - Set McuFinder mode to 2 (CubeIDE integrated)
2024-02-24 17:09:32,533 [INFO] CheckServerUpdateThread:120 - End of CheckServer Thread
2024-02-24 17:09:32,698 [INFO] UserAuth:404 - Internet connection configuration mode: 1
2024-02-24 17:09:32,705 [INFO] JxBrowserEngine:152 - Initiate JxBrowser Engine with user profile folder
2024-02-24 17:09:33,100 [INFO] WebApp:161 - Instantiating new browser for Auth
2024-02-24 17:09:33,459 [INFO] WebApp:780 - Register for checkConnection events
2024-02-24 17:09:33,459 [INFO] WebApp:414 - Apply proxy settings
2024-02-24 17:09:33,459 [INFO] WebApp:499 - Chromium requires no authentication
2024-02-24 17:09:33,466 [INFO] WebApp:442 - Direct internet connection detected
2024-02-24 17:09:33,577 [INFO] WebApp:192 - Starting web application
2024-02-24 17:09:33,577 [INFO] WebApp:544 - Web application path used C:\ST\STM32CubeIDE_1.14.0\STM32CubeIDE\plugins\com.st.stm32cube.common.mx_6.10.0.202311202037\db\plugins\mcufinder\reactClient1\index.html
2024-02-24 17:09:34,605 [WARN] PackLoader:240 - Cannot read IP mode file for STMicroelectronics.X-CUBE-SMBUS.2.1.0
2024-02-24 17:09:34,610 [WARN] PackLoader:240 - Cannot read IP mode file for STMicroelectronics.X-CUBE-TOUCHGFX.4.23.0
2024-02-24 17:09:34,632 [WARN] PackLoader:240 - Cannot read IP mode file for STMicroelectronics.X-CUBE-AZRTOS-F7.1.1.0
2024-02-24 17:09:34,640 [WARN] PackLoader:240 - Cannot read IP mode file for STMicroelectronics.FP-SNS-MOTENV1.4.3.2
2024-02-24 17:09:34,644 [WARN] PackLoader:240 - Cannot read IP mode file for STMicroelectronics.FP-SNS-FLIGHT1.5.0.2
2024-02-24 17:09:34,651 [WARN] PackLoader:240 - Cannot read IP mode file for STMicroelectronics.X-CUBE-DISPLAY.3.0.0
2024-02-24 17:09:34,665 [WARN] PackLoader:240 - Cannot read IP mode file for STMicroelectronics.X-CUBE-BLE1.7.0.0
2024-02-24 17:09:34,671 [WARN] PackLoader:240 - Cannot read IP mode file for emotas.I-CUBE-CANOPEN.1.3.0
2024-02-24 17:09:34,675 [WARN] PackLoader:240 - Cannot read IP mode file for STMicroelectronics.FP-SNS-SMARTAG2.1.2.0
2024-02-24 17:09:34,689 [INFO] LogOutputStream:77 - [STDOUT_REDIRECT] 1 : Invalid condition id : UX_CORESTACK_Condition cause : null
2024-02-24 17:09:34,690 [INFO] LogOutputStream:77 - [STDOUT_REDIRECT] 1 : Invalid condition id : UX_CORESTACK_Condition cause : null
2024-02-24 17:09:34,691 [INFO] LogOutputStream:77 - [STDOUT_REDIRECT] 1 : Invalid condition id : UX_CORESTACK_Condition cause : null
2024-02-24 17:09:34,692 [INFO] LogOutputStream:77 - [STDOUT_REDIRECT] 1 : Invalid condition id : UX_CORESTACK_Condition cause : null
2024-02-24 17:09:34,692 [INFO] LogOutputStream:77 - [STDOUT_REDIRECT] 1 : Invalid condition id : UX_CORESTACK_Condition cause : null
2024-02-24 17:09:34,695 [WARN] PackLoader:240 - Cannot read IP mode file for STMicroelectronics.X-CUBE-AZRTOS-WL.2.0.0
2024-02-24 17:09:34,704 [WARN] PackLoader:240 - Cannot read IP mode file for WES.I-CUBE-Cesium.1.3.0
2024-02-24 17:09:34,708 [WARN] PackLoader:240 - Cannot read IP mode file for STMicroelectronics.X-CUBE-BLE2.3.3.0
2024-02-24 17:09:34,712 [WARN] PackLoader:240 - Cannot read IP mode file for STMicroelectronics.X-CUBE-ALGOBUILD.1.3.0
2024-02-24 17:09:34,726 [WARN] PackLoader:240 - Cannot read IP mode file for STMicroelectronics.X-CUBE-AZRTOS-G0.1.1.0
2024-02-24 17:09:34,733 [WARN] PackLoader:240 - Cannot read IP mode file for STMicroelectronics.X-CUBE-NFC4.3.0.0
2024-02-24 17:09:34,740 [WARN] PackLoader:240 - Cannot read IP mode file for STMicroelectronics.X-CUBE-BLEMGR.3.0.0
2024-02-24 17:09:34,746 [WARN] PackLoader:240 - Cannot read IP mode file for STMicroelectronics.FP-ATR-SIGFOX1.3.2.0
2024-02-24 17:09:34,752 [WARN] PackLoader:240 - Cannot read IP mode file for STMicroelectronics.X-CUBE-EEPRMA1.5.1.0
2024-02-24 17:09:34,777 [WARN] PackLoader:240 - Cannot read IP mode file for SEGGER.I-CUBE-embOS.1.3.1
2024-02-24 17:09:34,801 [WARN] PackLoader:240 - Cannot read IP mode file for STMicroelectronics.X-CUBE-GNSS1.6.0.0
2024-02-24 17:09:34,819 [WARN] PackLoader:240 - Cannot read IP mode file for STMicroelectronics.X-CUBE-AZRTOS-F4.1.1.0
2024-02-24 17:09:34,826 [WARN] PackLoader:240 - Cannot read IP mode file for wolfSSL.I-CUBE-wolfSSL.5.6.6
2024-02-24 17:09:34,843 [WARN] PackLoader:240 - Cannot read IP mode file for STMicroelectronics.X-CUBE-AZRTOS-L5.2.0.0
2024-02-24 17:09:34,851 [WARN] PackLoader:240 - Cannot read IP mode file for STMicroelectronics.X-CUBE-EEPRMA1.4.2.0
2024-02-24 17:09:34,859 [WARN] PackLoader:240 - Cannot read IP mode file for ITTIA_DB.I-CUBE-ITTIADB.8.8.0
2024-02-24 17:09:34,866 [WARN] PackLoader:240 - Cannot read IP mode file for STMicroelectronics.X-CUBE-NFC7.1.0.1
2024-02-24 17:09:34,898 [WARN] PackLoader:240 - Cannot read IP mode file for STMicroelectronics.X-CUBE-NFC6.3.0.0
2024-02-24 17:09:34,906 [WARN] PackLoader:240 - Cannot read IP mode file for STMicroelectronics.X-CUBE-AI.8.1.0
2024-02-24 17:09:34,945 [WARN] ConditionMgr:438 - getConditionDescription Invalid condition id : LAN8742 Phy interface Condition cause : null
2024-02-24 17:09:34,946 [WARN] PackLoader:240 - Cannot read IP mode file for STMicroelectronics.X-CUBE-AZRTOS-L4.2.0.0
2024-02-24 17:09:34,947 [WARN] ConditionMgr:1039 - genDependencies : Invalid condition id : LAN8742 Phy interface Condition cause : null
2024-02-24 17:09:34,947 [WARN] ConditionMgr:1039 - genDependencies : Invalid condition id : LAN8742 Phy interface Condition cause : null
2024-02-24 17:09:34,949 [WARN] ConditionMgr:1039 - genDependencies : Invalid condition id : LAN8742 Phy interface Condition cause : null
2024-02-24 17:09:34,959 [WARN] PackLoader:240 - Cannot read IP mode file for STMicroelectronics.X-CUBE-SFXS2LP1.4.0.0
2024-02-24 17:09:34,972 [WARN] ConditionMgr:438 - getConditionDescription Invalid condition id : UX DEVICE CLASS RTOS Condition cause : null
2024-02-24 17:09:34,973 [WARN] ConditionMgr:438 - getConditionDescription Invalid condition id : UX DEVICE CLASS RTOS Condition cause : null
2024-02-24 17:09:34,976 [WARN] PackLoader:240 - Cannot read IP mode file for STMicroelectronics.X-CUBE-AZRTOS-WB.2.0.0
2024-02-24 17:09:34,977 [WARN] ConditionMgr:1039 - genDependencies : Invalid condition id : UX DEVICE CLASS RTOS Condition cause : null
2024-02-24 17:09:34,977 [WARN] ConditionMgr:1039 - genDependencies : Invalid condition id : UX DEVICE CLASS RTOS Condition cause : null
2024-02-24 17:09:34,978 [WARN] ConditionMgr:1039 - genDependencies : Invalid condition id : UX DEVICE CLASS RTOS Condition cause : null
2024-02-24 17:09:34,978 [WARN] ConditionMgr:1039 - genDependencies : Invalid condition id : UX DEVICE CLASS RTOS Condition cause : null
2024-02-24 17:09:34,978 [WARN] ConditionMgr:1039 - genDependencies : Invalid condition id : UX DEVICE CLASS RTOS Condition cause : null
2024-02-24 17:09:34,990 [WARN] PackLoader:240 - Cannot read IP mode file for STMicroelectronics.X-CUBE-SUBG2.5.0.0
2024-02-24 17:09:35,006 [WARN] PackLoader:240 - Cannot read IP mode file for STMicroelectronics.X-CUBE-AZRTOS-G4.2.0.0
2024-02-24 17:09:35,016 [WARN] PackLoader:240 - Cannot read IP mode file for Infineon.AIROC-Wi-Fi-Bluetooth-STM32.1.5.1
2024-02-24 17:09:35,027 [WARN] PackLoader:240 - Cannot read IP mode file for STMicroelectronics.FP-SNS-MOTENVWB1.1.3.1
2024-02-24 17:09:35,033 [WARN] PackLoader:240 - Cannot read IP mode file for STMicroelectronics.X-CUBE-ISPU.2.0.0
2024-02-24 17:09:35,056 [WARN] PackLoader:240 - Cannot read IP mode file for STMicroelectronics.X-CUBE-MEMS1.10.0.0
2024-02-24 17:09:35,150 [WARN] PackLoader:240 - Cannot read IP mode file for STMicroelectronics.X-CUBE-FREERTOS.1.1.0
2024-02-24 17:09:35,154 [WARN] PackLoader:240 - Cannot read IP mode file for portGmbH.I-Cube-SoM-uGOAL.1.1.0
2024-02-24 17:09:35,156 [WARN] PackLoader:240 - Cannot read IP mode file for STMicroelectronics.X-CUBE-ALS.1.0.1
2024-02-24 17:09:35,159 [WARN] PackLoader:240 - Cannot read IP mode file for STMicroelectronics.FP-ATR-ASTRA1.2.0.0
2024-02-24 17:09:35,164 [WARN] PackLoader:240 - Cannot read IP mode file for STMicroelectronics.X-CUBE-TOF1.3.4.0
2024-02-24 17:09:35,182 [WARN] PackLoader:240 - Cannot read IP mode file for STMicroelectronics.X-CUBE-AZRTOS-H7.3.2.0
2024-02-24 17:09:35,184 [INFO] ThirdParty:978 - Integrity check success = true
2024-02-24 17:09:35,184 [INFO] IntegrityCheckThread:100 - exiting critical section [integrity check]
2024-02-24 17:09:35,184 [INFO] IntegrityCheckThread:103 - End integrity checks thread
2024-02-24 17:09:54,102 [ERROR] LogOutputStream:75 - [STDERR_REDIRECT] SLF4J: Failed to load class "org.slf4j.impl.StaticLoggerBinder".
2024-02-24 17:09:54,102 [ERROR] LogOutputStream:75 - [STDERR_REDIRECT] SLF4J: Defaulting to no-operation (NOP) logger implementation
2024-02-24 17:09:54,103 [ERROR] LogOutputStream:75 - [STDERR_REDIRECT] SLF4J: See http://www.slf4j.org/codes.html#StaticLoggerBinder for further details.
